<?xml version="1.0" encoding="UTF-8"?>
<testsuite name="Cucumber" time="50.058" tests="3" skipped="0" failures="0" errors="0">
<testcase classname="Testing login and logout pages" name="Validating with invalid credentials and error message" time="16.4">
<system-out><![CDATA[
Given Launch the browser and open the respective url........................passed
Given User enters credentials as "acjdvi" and "invalid".....................passed
And Validate the error message..............................................passed
]]></system-out>
</testcase>
<testcase classname="Testing login and logout pages" name="Successful login and login message" time="16.496">
<system-out><![CDATA[
Given Launch the browser and open the respective url........................passed
Given User enters credentials as "student" and "Password123"................passed
And Validate the login message as "Logged In Successfully"..................passed
]]></system-out>
</testcase>
<testcase classname="Testing login and logout pages" name="Successful logut" time="16.944">
<system-out><![CDATA[
Given Launch the browser and open the respective url........................passed
Given User enters credentials as "student" and "Password123"................passed
And User clicks on logout button and returns to home page...................passed
]]></system-out>
</testcase>
</testsuite>
